<?xml version="1.0" encoding="UTF-8"?>
<testng-results skipped="0" failed="0" total="1" passed="1">
  <reporter-output>
  </reporter-output>
  <suite name="Default suite" duration-ms="26" started-at="2013-12-30T06:18:54Z" finished-at="2013-12-30T06:18:54Z">
    <groups>
    </groups>
    <test name="Default test" duration-ms="26" started-at="2013-12-30T06:18:54Z" finished-at="2013-12-30T06:18:54Z">
      <class name="my.test.test.MyTest">
        <test-method status="PASS" signature="Test()[pri:0, instance:my.test.test.MyTest@588c1ac9]" name="Test" duration-ms="13" started-at="2013-12-30T14:18:54Z" finished-at="2013-12-30T14:18:54Z">
          <reporter-output>
          </reporter-output>
        </test-method> <!-- Test -->
      </class> <!-- my.test.test.MyTest -->
    </test> <!-- Default test -->
  </suite> <!-- Default suite -->
</testng-results>
